number,value,datetime_start,datetime_complete,duration,params_colsample_bytree,params_min_child_samples,params_num_leaves,params_reg_alpha,params_reg_lambda,params_subsample,user_attrs_n_estimators,system_attrs_tpe:relative_params:0,state
0,0.7820787147179489,2026-09-30 21:51:12.299435,2026-09-30 21:52:43.466959,0 days 00:01:31.167524,0.5190609389379257,427,22,0.004207053950287938,0.004994757081068287,0.8659969709057025,697,,COMPLETE
1,0.782769186320418,2026-09-30 21:52:43.467490,2026-09-30 21:55:14.366208,0 days 00:02:30.898718,0.5956508044572318,324,9,7.5794799533480015,0.0012364007986687944,0.8005575058716043,1461,,COMPLETE
2,0.777472804235041,2026-09-30 21:55:14.369626,2026-09-30 21:56:01.404752,0 days 00:00:47.035126,0.22838315689740368,39,80,0.12561043700013563,0.023021277110080198,0.5909124836035503,319,,COMPLETE
3,0.7813363019014027,2026-09-30 21:56:01.405166,2026-09-30 21:57:06.598619,0 days 00:01:05.193453,0.1976457024564293,50,26,0.029204338471814112,0.02032202659636255,0.8059264473611898,727,,COMPLETE
4,0.7808414615211936,2026-09-30 21:57:06.599013,2026-09-30 21:58:12.885382,0 days 00:01:06.286369,0.45996410688952816,249,27,0.0015339162591163618,0.449067740410978,0.5998368910791798,502,,COMPLETE
5,0.7795128833590227,2026-09-30 21:58:12.885756,2026-09-30 21:59:16.653975,0 days 00:01:03.768219,0.7642198760773333,34,42,1.7123375973163983,21.04998058047479,0.5325257964926398,373,,COMPLETE
6,0.7816105469950585,2026-09-30 21:59:16.654377,2026-09-30 22:01:14.728853,0 days 00:01:58.074476,0.4081067456177209,27,18,0.09565499215943825,0.0035186816415472676,0.8421165132560784,1150,,COMPLETE
7,0.7817931302136433,2026-09-30 22:01:14.729266,2026-09-30 22:03:38.070904,0 days 00:02:23.341638,0.5637655990477874,373,8,0.12030178871154672,0.02486384467554937,0.6293899908000085,1470,,COMPLETE
8,0.7830171828226014,2026-09-30 22:03:38.071329,2026-09-30 22:05:16.377324,0 days 00:01:38.305995,0.6425929763527802,36,35,3.795853142670642,16.078690668199,0.9847923138822793,736,,COMPLETE
9,0.7810307623486951,2026-09-30 22:05:16.377683,2026-09-30 22:06:06.641984,0 days 00:00:50.264301,0.23718800369340165,388,41,0.02001342062287998,0.001593999043568401,0.5442462510259598,445,,COMPLETE
10,0.7801067839933087,2026-09-30 22:06:06.642389,2026-09-30 22:07:34.352366,0 days 00:01:27.709977,0.7779193469850787,22,21,0.0766621081531112,0.13887946010373606,0.9938276481618611,1016,"{""colsample_bytree"": 0.7779193469850787, ""min_child_samples"": 22, ""num_leaves"": 21, ""reg_alpha"": 0.0766621081531112, ""reg_lambda"": 0.13887946010373606, ""subsample"": 0.9938276481618611}",COMPLETE
11,0.7835249000854203,2026-09-30 22:07:34.352764,2026-09-30 22:09:33.792795,0 days 00:01:59.440031,0.5080315897124948,336,15,3.863869310398947,0.0013831034408774763,0.8541872918768564,1049,"{""colsample_bytree"": 0.5080315897124948, ""min_child_samples"": 336, ""num_leaves"": 15, ""reg_alpha"": 3.863869310398947, ""reg_lambda"": 0.0013831034408774763, ""subsample"": 0.8541872918768564}",COMPLETE
12,0.7826605560233806,2026-09-30 22:09:33.793209,2026-09-30 22:11:00.876771,0 days 00:01:27.083562,0.7169870278280548,80,30,4.1462509306264295,0.42440953935807785,0.9953984035071161,733,"{""colsample_bytree"": 0.7169870278280548, ""min_child_samples"": 80, ""num_leaves"": 30, ""reg_alpha"": 4.1462509306264295, ""reg_lambda"": 0.42440953935807785, ""subsample"": 0.9953984035071161}",COMPLETE
13,0.7824701390369964,2026-09-30 22:11:00.877170,2026-09-30 22:12:27.401732,0 days 00:01:26.524562,0.6638276332740675,66,45,7.24586580498098,0.0964151143689282,0.8374865017136411,460,"{""colsample_bytree"": 0.6638276332740675, ""min_child_samples"": 66, ""num_leaves"": 45, ""reg_alpha"": 7.24586580498098, ""reg_lambda"": 0.0964151143689282, ""subsample"": 0.8374865017136411}",COMPLETE
14,0.7835361862605946,2026-09-30 22:12:27.404952,2026-09-30 22:14:45.572846,0 days 00:02:18.167894,0.5433051290841974,66,20,1.9580005526401307,26.236934818901435,0.9056757814751694,1012,"{""colsample_bytree"": 0.5433051290841974, ""min_child_samples"": 66, ""num_leaves"": 20, ""reg_alpha"": 1.9580005526401307, ""reg_lambda"": 26.236934818901435, ""subsample"": 0.9056757814751694}",COMPLETE
15,0.7833927307922933,2026-09-30 22:14:45.574861,2026-09-30 22:16:24.065808,0 days 00:01:38.490947,0.44610157654391686,234,27,2.5760247001535523,0.8860847798996567,0.9206681825863692,797,"{""colsample_bytree"": 0.44610157654391686, ""min_child_samples"": 234, ""num_leaves"": 27, ""reg_alpha"": 2.5760247001535523, ""reg_lambda"": 0.8860847798996567, ""subsample"": 0.9206681825863692}",COMPLETE
16,0.7820705938527396,2026-09-30 22:16:24.066209,2026-09-30 22:17:36.228296,0 days 00:01:12.162087,0.6535255479801534,169,14,1.150222724177357,0.31214004087852004,0.7457331097311208,925,"{""colsample_bytree"": 0.6535255479801534, ""min_child_samples"": 169, ""num_leaves"": 14, ""reg_alpha"": 1.150222724177357, ""reg_lambda"": 0.31214004087852004, ""subsample"": 0.7457331097311208}",COMPLETE
17,0.7838546655290408,2026-09-30 22:17:36.228685,2026-09-30 22:20:11.942939,0 days 00:02:35.714254,0.3996009172709921,66,11,2.2633402252975503,0.7945872617311628,0.8792081228854488,1664,"{""colsample_bytree"": 0.3996009172709921, ""min_child_samples"": 66, ""num_leaves"": 11, ""reg_alpha"": 2.2633402252975503, ""reg_lambda"": 0.7945872617311628, ""subsample"": 0.8792081228854488}",COMPLETE
18,0.783388094909753,2026-09-30 22:20:11.943346,2026-09-30 22:21:31.945844,0 days 00:01:20.002498,0.36122373492860155,67,28,1.445267104436385,3.204318969007208,0.8474805973614082,680,"{""colsample_bytree"": 0.36122373492860155, ""min_child_samples"": 67, ""num_leaves"": 28, ""reg_alpha"": 1.445267104436385, ""reg_lambda"": 3.204318969007208, ""subsample"": 0.8474805973614082}",COMPLETE
19,0.7832241850739898,2026-09-30 22:21:31.946207,2026-09-30 22:23:49.180191,0 days 00:02:17.233984,0.4389439375976862,85,10,0.420616226177661,5.443167597734292,0.9219900508555974,1413,"{""colsample_bytree"": 0.4389439375976862, ""min_child_samples"": 85, ""num_leaves"": 10, ""reg_alpha"": 0.420616226177661, ""reg_lambda"": 5.443167597734292, ""subsample"": 0.9219900508555974}",COMPLETE
20,0.7845734523826005,2026-09-30 22:23:49.180578,2026-09-30 22:26:25.582738,0 days 00:02:36.402160,0.27025323395909123,55,10,1.7896002327481686,6.252260972837655,0.9468371001355755,1946,"{""colsample_bytree"": 0.27025323395909123, ""min_child_samples"": 55, ""num_leaves"": 10, ""reg_alpha"": 1.7896002327481686, ""reg_lambda"": 6.252260972837655, ""subsample"": 0.9468371001355755}",COMPLETE
21,0.7843221157404334,2026-09-30 22:26:25.583168,2026-09-30 22:28:42.348593,0 days 00:02:16.765425,0.2779120737917437,32,14,0.8690834753827109,11.947358430865636,0.9552403469627772,1605,"{""colsample_bytree"": 0.2779120737917437, ""min_child_samples"": 32, ""num_leaves"": 14, ""reg_alpha"": 0.8690834753827109, ""reg_lambda"": 11.947358430865636, ""subsample"": 0.9552403469627772}",COMPLETE
22,0.7843805486022056,2026-09-30 22:28:42.349019,2026-09-30 22:30:59.772343,0 days 00:02:17.423324,0.30377141348260916,35,14,3.8814692649118845,3.082064731353448,0.9405718897629564,1547,"{""colsample_bytree"": 0.30377141348260916, ""min_child_samples"": 35, ""num_leaves"": 14, ""reg_alpha"": 3.8814692649118845, ""reg_lambda"": 3.082064731353448, ""subsample"": 0.9405718897629564}",COMPLETE
23,0.7844221886433321,2026-09-30 22:30:59.772756,2026-09-30 22:32:29.419806,0 days 00:01:29.647050,0.24918916971365795,52,22,5.098030767145298,9.804770447533558,0.9228622529832768,935,"{""colsample_bytree"": 0.24918916971365795, ""min_child_samples"": 52, ""num_leaves"": 22, ""reg_alpha"": 5.098030767145298, ""reg_lambda"": 9.804770447533558, ""subsample"": 0.9228622529832768}",COMPLETE
24,0.7844482073957886,2026-09-30 22:32:29.420233,2026-09-30 22:34:27.272005,0 days 00:01:57.851772,0.34262627308199767,54,19,9.80707011843552,3.8859436458726275,0.9642267319696796,1139,"{""colsample_bytree"": 0.34262627308199767, ""min_child_samples"": 54, ""num_leaves"": 19, ""reg_alpha"": 9.80707011843552, ""reg_lambda"": 3.8859436458726275, ""subsample"": 0.9642267319696796}",COMPLETE
25,0.7842624386848727,2026-09-30 22:34:27.272511,2026-09-30 22:36:40.082909,0 days 00:02:12.810398,0.2734934342866031,97,10,4.9250276528754515,5.556538235660877,0.9013100550506337,1606,"{""colsample_bytree"": 0.2734934342866031, ""min_child_samples"": 97, ""num_leaves"": 10, ""reg_alpha"": 4.9250276528754515, ""reg_lambda"": 5.556538235660877, ""subsample"": 0.9013100550506337}",COMPLETE
26,0.7846702104275353,2026-09-30 22:36:40.083330,2026-09-30 22:40:02.144817,0 days 00:03:22.061487,0.3380879546211266,47,9,7.648231481838909,6.849925395969828,0.9986368891768683,2357,"{""colsample_bytree"": 0.3380879546211266, ""min_child_samples"": 47, ""num_leaves"": 9, ""reg_alpha"": 7.648231481838909, ""reg_lambda"": 6.849925395969828, ""subsample"": 0.9986368891768683}",COMPLETE
27,0.7837475088857793,2026-09-30 22:40:02.146436,2026-09-30 22:41:39.688222,0 days 00:01:37.541786,0.1435660895611838,33,20,0.7572340626582833,13.42540365238694,0.964576090086161,1319,"{""colsample_bytree"": 0.1435660895611838, ""min_child_samples"": 33, ""num_leaves"": 20, ""reg_alpha"": 0.7572340626582833, ""reg_lambda"": 13.42540365238694, ""subsample"": 0.964576090086161}",COMPLETE
28,0.7838334466506652,2026-09-30 22:41:39.689806,2026-09-30 22:44:11.635614,0 days 00:02:31.945808,0.38755993084029533,75,13,3.197142847530403,0.2401576676960106,0.9855882675402018,1565,"{""colsample_bytree"": 0.38755993084029533, ""min_child_samples"": 75, ""num_leaves"": 13, ""reg_alpha"": 3.197142847530403, ""reg_lambda"": 0.2401576676960106, ""subsample"": 0.9855882675402018}",COMPLETE
29,0.7843123416837843,2026-09-30 22:44:11.636029,2026-09-30 22:46:27.111847,0 days 00:02:15.475818,0.14535752348034842,58,10,8.352914403330407,12.043208707197493,0.9328198216058917,1881,"{""colsample_bytree"": 0.14535752348034842, ""min_child_samples"": 58, ""num_leaves"": 10, ""reg_alpha"": 8.352914403330407, ""reg_lambda"": 12.043208707197493, ""subsample"": 0.9328198216058917}",COMPLETE
